2023-04-27 14:32:14,555 ERROR: An error occurred while testing https://www.astonberkeley.com/
2023-04-27 14:34:32,036 ERROR: An error occurred while testing https://www.example.com/
2023-04-27 14:34:36,543 ERROR: An error occurred while testing https://www.example.com/
2023-04-27 14:40:26,844 ERROR: An error occurred while testing https://www.example.com/
2023-05-15 16:34:44,584 ERROR: An error occurred while testing google.com
2023-05-15 16:36:26,260 ERROR: An error occurred while testing google.com
2023-05-15 17:13:36,940 ERROR: An error occurred while testing https://www.google.com/: test_website() missing 1 required positional argument: 'title'
2023-05-15 19:01:25,581 ERROR: An error occurred while testing https://www.google.com/: 'function' object has no attribute 'get'
2023-05-15 19:04:51,090 ERROR: An error occurred while testing https://www.google.com/: 'function' object has no attribute 'get'
2023-05-17 20:45:31,713 INFO: Applicable driver not found; attempting to install with Selenium Manager (Beta)
2023-05-17 20:46:33,576 ERROR: 'google' not found in the title of https://www.google.com/
2023-05-17 20:46:33,583 ERROR: An error occurred while testing https://www.google.com/: 
2023-05-17 21:02:25,629 INFO: Applicable driver not found; attempting to install with Selenium Manager (Beta)
2023-05-17 21:02:38,014 ERROR: 'google' not found in the title of https://www.google.com/
2023-05-17 21:02:38,017 ERROR: An error occurred while testing https://www.google.com/: 
2023-05-17 21:12:10,426 INFO: Applicable driver not found; attempting to install with Selenium Manager (Beta)
2023-05-17 21:12:21,414 INFO: Actual title https://www.google.com/: Google
2023-05-17 21:12:21,423 ERROR: 'google' not found in the title of https://www.google.com/
2023-05-17 21:12:21,432 ERROR: Traceback (most recent call last):
  File "/Users/Jon/Desktop/git-projects/Website-auto-testing/WebsiteTester.py", line 32, in test_website
    assert title in browser.title
AssertionError

2023-05-17 21:12:21,432 ERROR: An error occurred while testing https://www.google.com/: 
2023-05-17 21:12:33,510 INFO: Applicable driver not found; attempting to install with Selenium Manager (Beta)
2023-05-17 21:12:41,353 INFO: Actual title https://www.google.com/: Google
2023-05-17 21:22:48,162 INFO: Applicable driver not found; attempting to install with Selenium Manager (Beta)
2023-05-17 21:22:57,487 INFO: Actual title https://www.google.com/: Google
2023-05-19 21:22:48,227 INFO: Applicable driver not found; attempting to install with Selenium Manager (Beta)
2023-05-19 21:23:00,771 INFO: Actual title https://www.astonberkeley.com/: Aston Berkeley - IT Business Solutions
2023-05-19 21:23:00,875 ERROR: 'Home Page' not found in the title of https://www.astonberkeley.com/
2023-05-19 21:23:00,889 ERROR: Traceback (most recent call last):
  File "/Users/Jon/Desktop/git-projects/Website-auto-testing/WebsiteTester.py", line 32, in test_website
    assert title in browser.title
AssertionError

2023-05-19 21:23:00,889 ERROR: An error occurred while testing https://www.astonberkeley.com/: 
2023-05-19 21:37:28,025 INFO: Navigating to Home page with URL: 
2023-05-19 21:37:38,583 INFO: Navigating to Home page with URL: https://www.astonberkeley.com/
2023-05-19 21:37:46,299 INFO: Navigating to Home page with URL: https://www.astonberkeley.com//home
2023-05-19 21:37:47,028 INFO: Navigating to Home page with URL: https://www.astonberkeley.com//home/about
2023-05-19 21:37:48,619 INFO: Navigating to Home page with URL: https://www.astonberkeley.com//home/about/home
2023-05-19 21:37:49,610 INFO: Navigating to Home page with URL: https://www.astonberkeley.com//home/about/home/about
2023-05-19 21:42:44,156 INFO: Applicable driver not found; attempting to install with Selenium Manager (Beta)
2023-05-19 21:42:56,390 INFO: Actual title https://www.astonberkeley.com//home/about/home/about/home: Page Not Found - Aston Berkeley
2023-05-19 21:42:56,399 ERROR: 'Home Page' not found in the title of https://www.astonberkeley.com//home/about/home/about/home
2023-05-19 21:42:56,459 ERROR: Traceback (most recent call last):
  File "/Users/Jon/Desktop/git-projects/Website-auto-testing/WebsiteTester.py", line 32, in test_website
    assert title in browser.title
AssertionError

2023-05-19 21:42:56,459 ERROR: An error occurred while testing https://www.astonberkeley.com//home/about/home/about/home: 
2023-05-20 14:04:37,779 INFO: Applicable driver not found; attempting to install with Selenium Manager (Beta)
2023-05-20 14:04:51,685 INFO: Actual title https://www.averyproductions.co.uk/: Entertainment | Avery Productions
2023-05-20 14:05:02,224 INFO: Navigating to Home page with URL: https://www.averyproductions.co.uk/
2023-05-20 14:05:04,339 INFO: Navigating to Home page with URL: https://www.averyproductions.co.uk//home
